[root][ERROR][2025-04-27 20:20:39] 
没有找到元素。
方法: ele()
参数: {'locator': '@tag()=img', 'index': 1, 'timeout': 1}
版本: 4.1.0.17
[root][ERROR][2025-04-27 20:20:41] 
没有找到元素。
方法: ele()
参数: {'locator': '@@tag()=h1@@class:index_title', 'index': 1, 'timeout': 1}
版本: 4.1.0.17
[root][ERROR][2025-04-27 20:20:43] 
没有找到元素。
方法: ele()
参数: {'locator': '@tag()=img', 'index': 1, 'timeout': 1}
版本: 4.1.0.17
[root][ERROR][2025-04-27 20:20:46] 
没有找到元素。
方法: ele()
参数: {'locator': '@tag()=img', 'index': 1, 'timeout': 1}
版本: 4.1.0.17
[root][ERROR][2025-04-27 20:20:48] 
没有找到元素。
方法: ele()
参数: {'locator': '@@tag()=h1@@class:index_title', 'index': 1, 'timeout': 1}
版本: 4.1.0.17
[root][ERROR][2025-04-27 20:25:08] 
没有找到元素。
方法: ele()
参数: {'locator': '@tag()=img', 'index': 1, 'timeout': 1}
版本: 4.1.0.17
[root][ERROR][2025-04-27 20:25:10] 
没有找到元素。
方法: ele()
参数: {'locator': '@@tag()=h1@@class:index_title', 'index': 1, 'timeout': 1}
版本: 4.1.0.17
[root][ERROR][2025-04-27 20:29:09] 
没有找到元素。
方法: ele()
参数: {'locator': '@tag()=img', 'index': 1, 'timeout': 1}
版本: 4.1.0.17
[root][ERROR][2025-04-27 20:29:11] 
没有找到元素。
方法: ele()
参数: {'locator': '@@tag()=h1@@class:index_title', 'index': 1, 'timeout': 1}
版本: 4.1.0.17
[root][ERROR][2025-04-27 20:29:13] 
没有找到元素。
方法: ele()
参数: {'locator': '@tag()=img', 'index': 1, 'timeout': 1}
版本: 4.1.0.17
[root][ERROR][2025-04-27 20:29:16] 
没有找到元素。
方法: ele()
参数: {'locator': '@tag()=img', 'index': 1, 'timeout': 1}
版本: 4.1.0.17
[root][ERROR][2025-04-27 20:29:18] 
没有找到元素。
方法: ele()
参数: {'locator': '@@tag()=h1@@class:index_title', 'index': 1, 'timeout': 1}
版本: 4.1.0.17
[root][ERROR][2025-04-27 20:29:20] 
没有找到元素。
方法: ele()
参数: {'locator': '@tag()=img', 'index': 1, 'timeout': 1}
版本: 4.1.0.17
[root][ERROR][2025-04-27 20:29:21] 
没有找到元素。
方法: ele()
参数: {'locator': '@tag()=img', 'index': 1, 'timeout': 1}
版本: 4.1.0.17
[root][ERROR][2025-04-27 20:30:09] 
没有找到元素。
方法: ele()
参数: {'locator': '@tag():article', 'index': 1, 'timeout': 10}
版本: 4.1.0.17
[root][ERROR][2025-04-27 20:30:14] 
没有找到元素。
方法: ele()
参数: {'locator': '@tag():img', 'index': 1, 'timeout': 1}
版本: 4.1.0.17
[root][ERROR][2025-04-27 20:30:16] 
没有找到元素。
方法: ele()
参数: {'locator': '@tag():img', 'index': 1, 'timeout': 1}
版本: 4.1.0.17
[root][ERROR][2025-04-27 20:31:43] 
没有找到元素。
方法: ele()
参数: {'locator': '@tag()=img', 'index': 1, 'timeout': 1}
版本: 4.1.0.17
[root][ERROR][2025-04-27 20:31:45] 
没有找到元素。
方法: ele()
参数: {'locator': '@@tag()=h1@@class:index_title', 'index': 1, 'timeout': 1}
版本: 4.1.0.17
[root][ERROR][2025-04-27 20:31:48] 
没有找到元素。
方法: ele()
参数: {'locator': '@tag()=img', 'index': 1, 'timeout': 1}
版本: 4.1.0.17
[root][ERROR][2025-04-27 20:31:52] 
没有找到元素。
方法: ele()
参数: {'locator': '@tag()=img', 'index': 1, 'timeout': 1}
版本: 4.1.0.17
[root][ERROR][2025-04-27 20:31:54] 
没有找到元素。
方法: ele()
参数: {'locator': '@@tag()=h1@@class:index_title', 'index': 1, 'timeout': 1}
版本: 4.1.0.17
[root][ERROR][2025-04-27 20:31:56] 
没有找到元素。
方法: ele()
参数: {'locator': '@tag()=img', 'index': 1, 'timeout': 1}
版本: 4.1.0.17
[root][ERROR][2025-04-27 20:31:57] 
没有找到元素。
方法: ele()
参数: {'locator': '@tag()=img', 'index': 1, 'timeout': 1}
版本: 4.1.0.17
[root][ERROR][2025-04-27 20:34:18] 
没有找到元素。
方法: ele()
参数: {'locator': '@tag()=img', 'index': 1, 'timeout': 1}
版本: 4.1.0.17
[root][ERROR][2025-04-27 20:34:20] 
没有找到元素。
方法: ele()
参数: {'locator': '@@tag()=h1@@class:index_title', 'index': 1, 'timeout': 1}
版本: 4.1.0.17
[root][ERROR][2025-04-27 20:34:23] 
没有找到元素。
方法: ele()
参数: {'locator': '@tag()=img', 'index': 1, 'timeout': 1}
版本: 4.1.0.17
[root][ERROR][2025-04-27 20:34:25] 
没有找到元素。
方法: ele()
参数: {'locator': '@tag()=img', 'index': 1, 'timeout': 1}
版本: 4.1.0.17
[root][ERROR][2025-04-27 20:34:27] 
没有找到元素。
方法: ele()
参数: {'locator': '@@tag()=h1@@class:index_title', 'index': 1, 'timeout': 1}
版本: 4.1.0.17
[root][ERROR][2025-04-27 20:34:29] 
没有找到元素。
方法: ele()
参数: {'locator': '@tag()=img', 'index': 1, 'timeout': 1}
版本: 4.1.0.17
[root][ERROR][2025-04-27 20:34:31] 
没有找到元素。
方法: ele()
参数: {'locator': '@tag()=img', 'index': 1, 'timeout': 1}
版本: 4.1.0.17
[root][ERROR][2025-04-27 20:35:05] 
没有找到元素。
方法: ele()
参数: {'locator': '@tag():img', 'index': 1, 'timeout': 1}
版本: 4.1.0.17
[root][ERROR][2025-04-27 20:35:07] 
没有找到元素。
方法: ele()
参数: {'locator': '@tag():img', 'index': 1, 'timeout': 1}
版本: 4.1.0.17
[root][ERROR][2025-04-27 20:42:45] 
没有找到元素。
方法: ele()
参数: {'locator': '@tag()=img', 'index': 1, 'timeout': 1}
版本: 4.1.0.17
[root][ERROR][2025-04-27 20:42:47] 
没有找到元素。
方法: ele()
参数: {'locator': '@@tag()=h1@@class:index_title', 'index': 1, 'timeout': 1}
版本: 4.1.0.17
[root][ERROR][2025-04-27 20:42:49] 
没有找到元素。
方法: ele()
参数: {'locator': '@tag()=img', 'index': 1, 'timeout': 1}
版本: 4.1.0.17
[root][ERROR][2025-04-27 20:42:52] 
没有找到元素。
方法: ele()
参数: {'locator': '@tag()=img', 'index': 1, 'timeout': 1}
版本: 4.1.0.17
[root][ERROR][2025-04-27 20:42:54] 
没有找到元素。
方法: ele()
参数: {'locator': '@@tag()=h1@@class:index_title', 'index': 1, 'timeout': 1}
版本: 4.1.0.17
[root][ERROR][2025-04-27 20:42:56] 
没有找到元素。
方法: ele()
参数: {'locator': '@tag()=img', 'index': 1, 'timeout': 1}
版本: 4.1.0.17
[root][ERROR][2025-04-27 20:42:57] 
没有找到元素。
方法: ele()
参数: {'locator': '@tag()=img', 'index': 1, 'timeout': 1}
版本: 4.1.0.17
[root][ERROR][2025-04-27 20:43:38] 
没有找到元素。
方法: ele()
参数: {'locator': '@tag():img', 'index': 1, 'timeout': 1}
版本: 4.1.0.17
[root][ERROR][2025-04-27 20:43:40] 
没有找到元素。
方法: ele()
参数: {'locator': '@tag():img', 'index': 1, 'timeout': 1}
版本: 4.1.0.17
[root][ERROR][2025-04-27 20:45:11] 
没有找到元素。
方法: ele()
参数: {'locator': '@tag()=img', 'index': 1, 'timeout': 1}
版本: 4.1.0.17
[root][ERROR][2025-04-27 20:45:13] 
没有找到元素。
方法: ele()
参数: {'locator': '@@tag()=h1@@class:index_title', 'index': 1, 'timeout': 1}
版本: 4.1.0.17
[root][ERROR][2025-04-27 20:45:16] 
没有找到元素。
方法: ele()
参数: {'locator': '@tag()=img', 'index': 1, 'timeout': 1}
版本: 4.1.0.17
[root][ERROR][2025-04-27 20:45:19] 
没有找到元素。
方法: ele()
参数: {'locator': '@tag()=img', 'index': 1, 'timeout': 1}
版本: 4.1.0.17
[root][ERROR][2025-04-27 20:45:21] 
没有找到元素。
方法: ele()
参数: {'locator': '@@tag()=h1@@class:index_title', 'index': 1, 'timeout': 1}
版本: 4.1.0.17
[root][ERROR][2025-04-27 20:45:23] 
没有找到元素。
方法: ele()
参数: {'locator': '@tag()=img', 'index': 1, 'timeout': 1}
版本: 4.1.0.17
[root][ERROR][2025-04-27 20:45:24] 
没有找到元素。
方法: ele()
参数: {'locator': '@tag()=img', 'index': 1, 'timeout': 1}
版本: 4.1.0.17
[root][ERROR][2025-04-27 20:46:00] 
没有找到元素。
方法: ele()
参数: {'locator': '@tag():img', 'index': 1, 'timeout': 1}
版本: 4.1.0.17
[root][ERROR][2025-04-27 20:46:02] 
没有找到元素。
方法: ele()
参数: {'locator': '@tag():img', 'index': 1, 'timeout': 1}
版本: 4.1.0.17
[root][ERROR][2025-04-27 20:46:07] [coze]存在coze处理失败的任务，检查工作流或者爬取的内容
[root][ERROR][2025-04-27 20:53:05] 
没有找到元素。
方法: ele()
参数: {'locator': '@tag()=img', 'index': 1, 'timeout': 1}
版本: 4.1.0.17
[root][ERROR][2025-04-27 20:53:07] 
没有找到元素。
方法: ele()
参数: {'locator': '@@tag()=h1@@class:index_title', 'index': 1, 'timeout': 1}
版本: 4.1.0.17
[root][ERROR][2025-04-27 20:53:10] 
没有找到元素。
方法: ele()
参数: {'locator': '@tag()=img', 'index': 1, 'timeout': 1}
版本: 4.1.0.17
[root][ERROR][2025-04-27 20:53:12] 
没有找到元素。
方法: ele()
参数: {'locator': '@tag()=img', 'index': 1, 'timeout': 1}
版本: 4.1.0.17
[root][ERROR][2025-04-27 20:53:14] 
没有找到元素。
方法: ele()
参数: {'locator': '@@tag()=h1@@class:index_title', 'index': 1, 'timeout': 1}
版本: 4.1.0.17
[root][ERROR][2025-04-27 20:53:16] 
没有找到元素。
方法: ele()
参数: {'locator': '@tag()=img', 'index': 1, 'timeout': 1}
版本: 4.1.0.17
[root][ERROR][2025-04-27 20:53:18] 
没有找到元素。
方法: ele()
参数: {'locator': '@tag()=img', 'index': 1, 'timeout': 1}
版本: 4.1.0.17
[root][ERROR][2025-04-27 20:53:51] 
没有找到元素。
方法: ele()
参数: {'locator': '@tag():img', 'index': 1, 'timeout': 1}
版本: 4.1.0.17
[root][ERROR][2025-04-27 20:53:53] 
没有找到元素。
方法: ele()
参数: {'locator': '@tag():img', 'index': 1, 'timeout': 1}
版本: 4.1.0.17
